<?xml version="1.0" encoding="UTF-8"?>
<!-- Generated by org.testng.reporters.JUnitReportReporter -->
<testsuite hostname="DESKTOP-AEI6VM2" failures="0" tests="1" name="tests.TC_AllTest" time="10.175" errors="0" timestamp="2021-12-11T21:23:28 BDT" skipped="0">
  <testcase classname="tests.TC_AllTest" name="loginTest" time="10.175"/>
  <system-out/>
</testsuite> <!-- tests.TC_AllTest -->
